{"name":"Asserting article has title with expected value","status":"failed","statusDetails":{"known":false,"muted":false,"flaky":false,"message":"Element 'By.xpath: //*[@text='Java (programming language)']' supposed to be present; Tile defined by id 'xpath://*[@text='Java (programming language)']' was not found on article page","trace":"java.lang.AssertionError: Element 'By.xpath: //*[@text='Java (programming language)']' supposed to be present; Tile defined by id 'xpath://*[@text='Java (programming language)']' was not found on article page\n\tat lib.ui.MainPageObject.assertElementPresent(MainPageObject.java:42)\n\tat lib.ui.ArticlePageObject.assertArticleHasTitle_aroundBody12(ArticlePageObject.java:114)\n\tat lib.ui.ArticlePageObject$AjcClosure13.run(ArticlePageObject.java:1)\n\tat org.aspectj.runtime.reflect.JoinPointImpl.proceed(JoinPointImpl.java:149)\n\tat io.qameta.allure.aspects.StepsAspects.step(StepsAspects.java:50)\n\tat lib.ui.ArticlePageObject.assertArticleHasTitle(ArticlePageObject.java:114)\n\tat test.ArticleTest.testArticleHasTitleElement_aroundBody4(ArticleTest.java:76)\n\tat test.ArticleTest$AjcClosure5.run(ArticleTest.java:1)\n\tat org.aspectj.runtime.reflect.JoinPointImpl.proceed(JoinPointImpl.java:149)\n\tat io.qameta.allure.aspects.StepsAspects.step(StepsAspects.java:50)\n\tat test.ArticleTest.testArticleHasTitleElement(ArticleTest.java:68)\n\tat sun.reflect.NativeMethodAccessorImpl.invoke0(Native Method)\n\tat sun.reflect.NativeMethodAccessorImpl.invoke(NativeMethodAccessorImpl.java:62)\n\tat sun.reflect.DelegatingMethodAccessorImpl.invoke(DelegatingMethodAccessorImpl.java:43)\n\tat java.lang.reflect.Method.invoke(Method.java:498)\n\tat org.junit.runners.model.FrameworkMethod$1.runReflectiveCall(FrameworkMethod.java:50)\n\tat org.junit.internal.runners.model.ReflectiveCallable.run(ReflectiveCallable.java:12)\n\tat org.junit.runners.model.FrameworkMethod.invokeExplosively(FrameworkMethod.java:47)\n\tat org.junit.internal.runners.statements.InvokeMethod.evaluate(InvokeMethod.java:17)\n\tat org.junit.internal.runners.statements.RunBefores.evaluate(RunBefores.java:26)\n\tat org.junit.internal.runners.statements.RunAfters.evaluate(RunAfters.java:27)\n\tat org.junit.runners.ParentRunner.runLeaf(ParentRunner.java:325)\n\tat org.junit.runners.BlockJUnit4ClassRunner.runChild(BlockJUnit4ClassRunner.java:78)\n\tat org.junit.runners.BlockJUnit4ClassRunner.runChild(BlockJUnit4ClassRunner.java:57)\n\tat org.junit.runners.ParentRunner$3.run(ParentRunner.java:290)\n\tat org.junit.runners.ParentRunner$1.schedule(ParentRunner.java:71)\n\tat org.junit.runners.ParentRunner.runChildren(ParentRunner.java:288)\n\tat org.junit.runners.ParentRunner.access$000(ParentRunner.java:58)\n\tat org.junit.runners.ParentRunner$2.evaluate(ParentRunner.java:268)\n\tat org.junit.runners.ParentRunner.run(ParentRunner.java:363)\n\tat org.apache.maven.surefire.junit4.JUnit4Provider.execute(JUnit4Provider.java:365)\n\tat org.apache.maven.surefire.junit4.JUnit4Provider.executeWithRerun(JUnit4Provider.java:273)\n\tat org.apache.maven.surefire.junit4.JUnit4Provider.executeTestSet(JUnit4Provider.java:238)\n\tat org.apache.maven.surefire.junit4.JUnit4Provider.invoke(JUnit4Provider.java:159)\n\tat org.apache.maven.surefire.booter.ForkedBooter.invokeProviderInSameClassLoader(ForkedBooter.java:384)\n\tat org.apache.maven.surefire.booter.ForkedBooter.runSuitesInProcess(ForkedBooter.java:345)\n\tat org.apache.maven.surefire.booter.ForkedBooter.execute(ForkedBooter.java:126)\n\tat org.apache.maven.surefire.booter.ForkedBooter.main(ForkedBooter.java:418)\n"},"stage":"finished","description":"Open Wiki; Check search input; Enter search query and perform search; Open the article from the search result page. Check article has title with expected value.","steps":[{"name":"Run driver and session","status":"passed","stage":"finished","steps":[{"name":"Rotate screen to portrait mode. This method doesn't work for mobile web.","status":"passed","stage":"finished","steps":[],"attachments":[],"parameters":[],"start":1648811231843,"stop":1648811231856},{"name":"Skips welcome page in mobile app. This method doesn't work for mobile web.","status":"passed","stage":"finished","steps":[{"name":"Clicking Skip button","status":"passed","stage":"finished","steps":[],"attachments":[],"parameters":[],"start":1648811231869,"stop":1648811232307}],"attachments":[],"parameters":[],"start":1648811231856,"stop":1648811232307},{"name":"Opens start page for mobile web. This method doesn't work for mobile app.","status":"passed","stage":"finished","steps":[],"attachments":[],"parameters":[],"start":1648811232308,"stop":1648811232308}],"attachments":[],"parameters":[],"start":1648811225952,"stop":1648811232308},{"name":"Starting testArticleHasTitleElement","status":"failed","statusDetails":{"known":false,"muted":false,"flaky":false,"message":"Element 'By.xpath: //*[@text='Java (programming language)']' supposed to be present; Tile defined by id 'xpath://*[@text='Java (programming language)']' was not found on article page","trace":"java.lang.AssertionError: Element 'By.xpath: //*[@text='Java (programming language)']' supposed to be present; Tile defined by id 'xpath://*[@text='Java (programming language)']' was not found on article page\n\tat lib.ui.MainPageObject.assertElementPresent(MainPageObject.java:42)\n\tat lib.ui.ArticlePageObject.assertArticleHasTitle_aroundBody12(ArticlePageObject.java:114)\n\tat lib.ui.ArticlePageObject$AjcClosure13.run(ArticlePageObject.java:1)\n\tat org.aspectj.runtime.reflect.JoinPointImpl.proceed(JoinPointImpl.java:149)\n\tat io.qameta.allure.aspects.StepsAspects.step(StepsAspects.java:50)\n\tat lib.ui.ArticlePageObject.assertArticleHasTitle(ArticlePageObject.java:114)\n\tat test.ArticleTest.testArticleHasTitleElement_aroundBody4(ArticleTest.java:76)\n\tat test.ArticleTest$AjcClosure5.run(ArticleTest.java:1)\n\tat org.aspectj.runtime.reflect.JoinPointImpl.proceed(JoinPointImpl.java:149)\n\tat io.qameta.allure.aspects.StepsAspects.step(StepsAspects.java:50)\n\tat test.ArticleTest.testArticleHasTitleElement(ArticleTest.java:68)\n\tat sun.reflect.NativeMethodAccessorImpl.invoke0(Native Method)\n\tat sun.reflect.NativeMethodAccessorImpl.invoke(NativeMethodAccessorImpl.java:62)\n\tat sun.reflect.DelegatingMethodAccessorImpl.invoke(DelegatingMethodAccessorImpl.java:43)\n\tat java.lang.reflect.Method.invoke(Method.java:498)\n\tat org.junit.runners.model.FrameworkMethod$1.runReflectiveCall(FrameworkMethod.java:50)\n\tat org.junit.internal.runners.model.ReflectiveCallable.run(ReflectiveCallable.java:12)\n\tat org.junit.runners.model.FrameworkMethod.invokeExplosively(FrameworkMethod.java:47)\n\tat org.junit.internal.runners.statements.InvokeMethod.evaluate(InvokeMethod.java:17)\n\tat org.junit.internal.runners.statements.RunBefores.evaluate(RunBefores.java:26)\n\tat org.junit.internal.runners.statements.RunAfters.evaluate(RunAfters.java:27)\n\tat org.junit.runners.ParentRunner.runLeaf(ParentRunner.java:325)\n\tat org.junit.runners.BlockJUnit4ClassRunner.runChild(BlockJUnit4ClassRunner.java:78)\n\tat org.junit.runners.BlockJUnit4ClassRunner.runChild(BlockJUnit4ClassRunner.java:57)\n\tat org.junit.runners.ParentRunner$3.run(ParentRunner.java:290)\n\tat org.junit.runners.ParentRunner$1.schedule(ParentRunner.java:71)\n\tat org.junit.runners.ParentRunner.runChildren(ParentRunner.java:288)\n\tat org.junit.runners.ParentRunner.access$000(ParentRunner.java:58)\n\tat org.junit.runners.ParentRunner$2.evaluate(ParentRunner.java:268)\n\tat org.junit.runners.ParentRunner.run(ParentRunner.java:363)\n\tat org.apache.maven.surefire.junit4.JUnit4Provider.execute(JUnit4Provider.java:365)\n\tat org.apache.maven.surefire.junit4.JUnit4Provider.executeWithRerun(JUnit4Provider.java:273)\n\tat org.apache.maven.surefire.junit4.JUnit4Provider.executeTestSet(JUnit4Provider.java:238)\n\tat org.apache.maven.surefire.junit4.JUnit4Provider.invoke(JUnit4Provider.java:159)\n\tat org.apache.maven.surefire.booter.ForkedBooter.invokeProviderInSameClassLoader(ForkedBooter.java:384)\n\tat org.apache.maven.surefire.booter.ForkedBooter.runSuitesInProcess(ForkedBooter.java:345)\n\tat org.apache.maven.surefire.booter.ForkedBooter.execute(ForkedBooter.java:126)\n\tat org.apache.maven.surefire.booter.ForkedBooter.main(ForkedBooter.java:418)\n"},"stage":"finished","steps":[{"name":"Initializing the search field","status":"passed","stage":"finished","steps":[],"attachments":[],"parameters":[],"start":1648811232336,"stop":1648811234112},{"name":"Typing and sending the search query in the search field","status":"passed","stage":"finished","steps":[],"attachments":[],"parameters":[{"name":"search_line","value":"Java"}],"start":1648811234112,"stop":1648811235336},{"name":"Clicking on the article, defined by its description, on the search result page","status":"passed","stage":"finished","steps":[],"attachments":[],"parameters":[{"name":"substring","value":"bject-oriented programming language"}],"start":1648811235336,"stop":1648811236812},{"name":"Checking whether the article title has expected value","status":"failed","statusDetails":{"known":false,"muted":false,"flaky":false,"message":"Element 'By.xpath: //*[@text='Java (programming language)']' supposed to be present; Tile defined by id 'xpath://*[@text='Java (programming language)']' was not found on article page","trace":"java.lang.AssertionError: Element 'By.xpath: //*[@text='Java (programming language)']' supposed to be present; Tile defined by id 'xpath://*[@text='Java (programming language)']' was not found on article page\n\tat lib.ui.MainPageObject.assertElementPresent(MainPageObject.java:42)\n\tat lib.ui.ArticlePageObject.assertArticleHasTitle_aroundBody12(ArticlePageObject.java:114)\n\tat lib.ui.ArticlePageObject$AjcClosure13.run(ArticlePageObject.java:1)\n\tat org.aspectj.runtime.reflect.JoinPointImpl.proceed(JoinPointImpl.java:149)\n\tat io.qameta.allure.aspects.StepsAspects.step(StepsAspects.java:50)\n\tat lib.ui.ArticlePageObject.assertArticleHasTitle(ArticlePageObject.java:114)\n\tat test.ArticleTest.testArticleHasTitleElement_aroundBody4(ArticleTest.java:76)\n\tat test.ArticleTest$AjcClosure5.run(ArticleTest.java:1)\n\tat org.aspectj.runtime.reflect.JoinPointImpl.proceed(JoinPointImpl.java:149)\n\tat io.qameta.allure.aspects.StepsAspects.step(StepsAspects.java:50)\n\tat test.ArticleTest.testArticleHasTitleElement(ArticleTest.java:68)\n\tat sun.reflect.NativeMethodAccessorImpl.invoke0(Native Method)\n\tat sun.reflect.NativeMethodAccessorImpl.invoke(NativeMethodAccessorImpl.java:62)\n\tat sun.reflect.DelegatingMethodAccessorImpl.invoke(DelegatingMethodAccessorImpl.java:43)\n\tat java.lang.reflect.Method.invoke(Method.java:498)\n\tat org.junit.runners.model.FrameworkMethod$1.runReflectiveCall(FrameworkMethod.java:50)\n\tat org.junit.internal.runners.model.ReflectiveCallable.run(ReflectiveCallable.java:12)\n\tat org.junit.runners.model.FrameworkMethod.invokeExplosively(FrameworkMethod.java:47)\n\tat org.junit.internal.runners.statements.InvokeMethod.evaluate(InvokeMethod.java:17)\n\tat org.junit.internal.runners.statements.RunBefores.evaluate(RunBefores.java:26)\n\tat org.junit.internal.runners.statements.RunAfters.evaluate(RunAfters.java:27)\n\tat org.junit.runners.ParentRunner.runLeaf(ParentRunner.java:325)\n\tat org.junit.runners.BlockJUnit4ClassRunner.runChild(BlockJUnit4ClassRunner.java:78)\n\tat org.junit.runners.BlockJUnit4ClassRunner.runChild(BlockJUnit4ClassRunner.java:57)\n\tat org.junit.runners.ParentRunner$3.run(ParentRunner.java:290)\n\tat org.junit.runners.ParentRunner$1.schedule(ParentRunner.java:71)\n\tat org.junit.runners.ParentRunner.runChildren(ParentRunner.java:288)\n\tat org.junit.runners.ParentRunner.access$000(ParentRunner.java:58)\n\tat org.junit.runners.ParentRunner$2.evaluate(ParentRunner.java:268)\n\tat org.junit.runners.ParentRunner.run(ParentRunner.java:363)\n\tat org.apache.maven.surefire.junit4.JUnit4Provider.execute(JUnit4Provider.java:365)\n\tat org.apache.maven.surefire.junit4.JUnit4Provider.executeWithRerun(JUnit4Provider.java:273)\n\tat org.apache.maven.surefire.junit4.JUnit4Provider.executeTestSet(JUnit4Provider.java:238)\n\tat org.apache.maven.surefire.junit4.JUnit4Provider.invoke(JUnit4Provider.java:159)\n\tat org.apache.maven.surefire.booter.ForkedBooter.invokeProviderInSameClassLoader(ForkedBooter.java:384)\n\tat org.apache.maven.surefire.booter.ForkedBooter.runSuitesInProcess(ForkedBooter.java:345)\n\tat org.apache.maven.surefire.booter.ForkedBooter.execute(ForkedBooter.java:126)\n\tat org.apache.maven.surefire.booter.ForkedBooter.main(ForkedBooter.java:418)\n"},"stage":"finished","steps":[],"attachments":[],"parameters":[],"start":1648811236826,"stop":1648811238555}],"attachments":[],"parameters":[],"start":1648811232308,"stop":1648811238555},{"name":"Remove driver and session","status":"passed","stage":"finished","steps":[],"attachments":[],"parameters":[],"start":1648811238555,"stop":1648811238787}],"attachments":[],"parameters":[],"start":1648811225933,"stop":1648811238792,"uuid":"56ab4382-208c-4260-8df1-f0ed0aa49c43","historyId":"6cbb8d3c09e43fc3017e8b37941c54e7","fullName":"test.ArticleTest.testArticleHasTitleElement","labels":[{"name":"package","value":"test"},{"name":"testClass","value":"test.ArticleTest"},{"name":"testMethod","value":"testArticleHasTitleElement"},{"name":"suite","value":"test.ArticleTest"},{"name":"host","value":"k-1927"},{"name":"thread","value":"21928@k-1927.main(1)"},{"name":"epic","value":"Tests for articles"},{"name":"feature","value":"Search"},{"name":"feature","value":"Article"},{"name":"severity","value":"normal"},{"name":"tag","value":"Regression"}],"links":[]}