{"name":"Check search results contain search query","status":"passed","stage":"finished","description":"Open Wiki; Enter valid search query in the search field; Check that visible search results contain search query in title","steps":[{"name":"Run driver and session","status":"passed","stage":"finished","steps":[{"name":"Rotate screen to portrait mode. This method doesn't work for mobile web.","status":"passed","stage":"finished","steps":[],"attachments":[],"parameters":[],"start":1648811384685,"stop":1648811384695},{"name":"Skips welcome page in mobile app. This method doesn't work for mobile web.","status":"passed","stage":"finished","steps":[{"name":"Clicking Skip button","status":"passed","stage":"finished","steps":[],"attachments":[],"parameters":[],"start":1648811384695,"stop":1648811385103}],"attachments":[],"parameters":[],"start":1648811384695,"stop":1648811385103},{"name":"Opens start page for mobile web. This method doesn't work for mobile app.","status":"passed","stage":"finished","steps":[],"attachments":[],"parameters":[],"start":1648811385104,"stop":1648811385104}],"attachments":[],"parameters":[],"start":1648811379526,"stop":1648811385104},{"name":"Starting testCheckSearchResultsForQuery","status":"passed","stage":"finished","steps":[{"name":"Initializing the search field","status":"passed","stage":"finished","steps":[],"attachments":[],"parameters":[],"start":1648811385104,"stop":1648811386710},{"name":"Typing and sending the search query in the search field","status":"passed","stage":"finished","steps":[],"attachments":[],"parameters":[{"name":"search_line","value":"Java"}],"start":1648811386710,"stop":1648811387826},{"name":"Getting search result element defined by its instance number","status":"passed","stage":"finished","steps":[],"attachments":[],"parameters":[{"name":"instance_number","value":"1"}],"start":1648811387827,"stop":1648811389196},{"name":"Checking that search result by its instance number contains search query","status":"passed","stage":"finished","steps":[],"attachments":[],"parameters":[{"name":"instance_number","value":"1"},{"name":"search_query","value":"Java"}],"start":1648811389196,"stop":1648811389278},{"name":"Getting search result element defined by its instance number","status":"passed","stage":"finished","steps":[],"attachments":[],"parameters":[{"name":"instance_number","value":"2"}],"start":1648811389279,"stop":1648811389340},{"name":"Checking that search result by its instance number contains search query","status":"passed","stage":"finished","steps":[],"attachments":[],"parameters":[{"name":"instance_number","value":"2"},{"name":"search_query","value":"Java"}],"start":1648811389340,"stop":1648811389417},{"name":"Getting search result element defined by its instance number","status":"passed","stage":"finished","steps":[],"attachments":[],"parameters":[{"name":"instance_number","value":"3"}],"start":1648811389417,"stop":1648811389477},{"name":"Checking that search result by its instance number contains search query","status":"passed","stage":"finished","steps":[],"attachments":[],"parameters":[{"name":"instance_number","value":"3"},{"name":"search_query","value":"Java"}],"start":1648811389477,"stop":1648811389560},{"name":"Getting search result element defined by its instance number","status":"passed","stage":"finished","steps":[],"attachments":[],"parameters":[{"name":"instance_number","value":"4"}],"start":1648811389560,"stop":1648811389613},{"name":"Checking that search result by its instance number contains search query","status":"passed","stage":"finished","steps":[],"attachments":[],"parameters":[{"name":"instance_number","value":"4"},{"name":"search_query","value":"Java"}],"start":1648811389613,"stop":1648811389673},{"name":"Getting search result element defined by its instance number","status":"broken","statusDetails":{"known":false,"muted":false,"flaky":false,"message":"Expected condition failed: No search result elements present\n (tried for 15 second(s) with 500 milliseconds interval)","trace":"org.openqa.selenium.TimeoutException: Expected condition failed: No search result elements present\n (tried for 15 second(s) with 500 milliseconds interval)\n\tat org.openqa.selenium.support.ui.WebDriverWait.timeoutException(WebDriverWait.java:81)\n\tat org.openqa.selenium.support.ui.FluentWait.until(FluentWait.java:271)\n\tat lib.ui.MainPageObject.waitForElementPresent(MainPageObject.java:50)\n\tat lib.ui.SearchPageObject.getSearchResultElementByInstance_aroundBody28(SearchPageObject.java:139)\n\tat lib.ui.SearchPageObject$AjcClosure29.run(SearchPageObject.java:1)\n\tat org.aspectj.runtime.reflect.JoinPointImpl.proceed(JoinPointImpl.java:149)\n\tat io.qameta.allure.aspects.StepsAspects.step(StepsAspects.java:50)\n\tat lib.ui.SearchPageObject.getSearchResultElementByInstance(SearchPageObject.java:138)\n\tat test.SearchTest.testCheckSearchResultsForQuery_aroundBody12(SearchTest.java:148)\n\tat test.SearchTest$AjcClosure13.run(SearchTest.java:1)\n\tat org.aspectj.runtime.reflect.JoinPointImpl.proceed(JoinPointImpl.java:149)\n\tat io.qameta.allure.aspects.StepsAspects.step(StepsAspects.java:50)\n\tat test.SearchTest.testCheckSearchResultsForQuery(SearchTest.java:133)\n\tat sun.reflect.NativeMethodAccessorImpl.invoke0(Native Method)\n\tat sun.reflect.NativeMethodAccessorImpl.invoke(NativeMethodAccessorImpl.java:62)\n\tat sun.reflect.DelegatingMethodAccessorImpl.invoke(DelegatingMethodAccessorImpl.java:43)\n\tat java.lang.reflect.Method.invoke(Method.java:498)\n\tat org.junit.runners.model.FrameworkMethod$1.runReflectiveCall(FrameworkMethod.java:50)\n\tat org.junit.internal.runners.model.ReflectiveCallable.run(ReflectiveCallable.java:12)\n\tat org.junit.runners.model.FrameworkMethod.invokeExplosively(FrameworkMethod.java:47)\n\tat org.junit.internal.runners.statements.InvokeMethod.evaluate(InvokeMethod.java:17)\n\tat org.junit.internal.runners.statements.RunBefores.evaluate(RunBefores.java:26)\n\tat org.junit.internal.runners.statements.RunAfters.evaluate(RunAfters.java:27)\n\tat org.junit.runners.ParentRunner.runLeaf(ParentRunner.java:325)\n\tat org.junit.runners.BlockJUnit4ClassRunner.runChild(BlockJUnit4ClassRunner.java:78)\n\tat org.junit.runners.BlockJUnit4ClassRunner.runChild(BlockJUnit4ClassRunner.java:57)\n\tat org.junit.runners.ParentRunner$3.run(ParentRunner.java:290)\n\tat org.junit.runners.ParentRunner$1.schedule(ParentRunner.java:71)\n\tat org.junit.runners.ParentRunner.runChildren(ParentRunner.java:288)\n\tat org.junit.runners.ParentRunner.access$000(ParentRunner.java:58)\n\tat org.junit.runners.ParentRunner$2.evaluate(ParentRunner.java:268)\n\tat org.junit.runners.ParentRunner.run(ParentRunner.java:363)\n\tat org.apache.maven.surefire.junit4.JUnit4Provider.execute(JUnit4Provider.java:365)\n\tat org.apache.maven.surefire.junit4.JUnit4Provider.executeWithRerun(JUnit4Provider.java:273)\n\tat org.apache.maven.surefire.junit4.JUnit4Provider.executeTestSet(JUnit4Provider.java:238)\n\tat org.apache.maven.surefire.junit4.JUnit4Provider.invoke(JUnit4Provider.java:159)\n\tat org.apache.maven.surefire.booter.ForkedBooter.invokeProviderInSameClassLoader(ForkedBooter.java:384)\n\tat org.apache.maven.surefire.booter.ForkedBooter.runSuitesInProcess(ForkedBooter.java:345)\n\tat org.apache.maven.surefire.booter.ForkedBooter.execute(ForkedBooter.java:126)\n\tat org.apache.maven.surefire.booter.ForkedBooter.main(ForkedBooter.java:418)\nCaused by: org.openqa.selenium.NoSuchElementException: Cannot locate an element using By.xpath: //*[@class='android.view.ViewGroup'][@index = 5]//descendant::android.widget.TextView[@resource-id = 'org.wikipedia:id/page_list_item_title']\nFor documentation on this error, please visit: http://seleniumhq.org/exceptions/no_such_element.html\nBuild info: version: '3.12.0', revision: '7c6e0b3', time: '2018-05-08T14:04:26.12Z'\nSystem info: host: 'k-1927', ip: 'fe80:0:0:0:c53:5b91:dabb:6a40%en0', os.name: 'Mac OS X', os.arch: 'x86_64', os.version: '10.16', java.version: '1.8.0_282'\nDriver info: driver.version: unknown\n\tat org.openqa.selenium.support.ui.ExpectedConditions.lambda$findElement$0(ExpectedConditions.java:896)\n\tat java.util.Optional.orElseThrow(Optional.java:290)\n\tat org.openqa.selenium.support.ui.ExpectedConditions.findElement(ExpectedConditions.java:895)\n\tat org.openqa.selenium.support.ui.ExpectedConditions.access$000(ExpectedConditions.java:44)\n\tat org.openqa.selenium.support.ui.ExpectedConditions$6.apply(ExpectedConditions.java:183)\n\tat org.openqa.selenium.support.ui.ExpectedConditions$6.apply(ExpectedConditions.java:180)\n\tat org.openqa.selenium.support.ui.FluentWait.until(FluentWait.java:248)\n\t... 38 more\n"},"stage":"finished","steps":[],"attachments":[],"parameters":[{"name":"instance_number","value":"5"}],"start":1648811389673,"stop":1648811404696}],"attachments":[],"parameters":[],"start":1648811385104,"stop":1648811404696},{"name":"Remove driver and session","status":"passed","stage":"finished","steps":[],"attachments":[],"parameters":[],"start":1648811404696,"stop":1648811405047}],"attachments":[],"parameters":[],"start":1648811379526,"stop":1648811405047,"uuid":"a54c138d-3b76-417c-861d-b745d5e3c566","historyId":"557e5f7f702969b233c4b00da2d2e515","fullName":"test.SearchTest.testCheckSearchResultsForQuery","labels":[{"name":"package","value":"test"},{"name":"testClass","value":"test.SearchTest"},{"name":"testMethod","value":"testCheckSearchResultsForQuery"},{"name":"suite","value":"test.SearchTest"},{"name":"host","value":"k-1927"},{"name":"thread","value":"22219@k-1927.main(1)"},{"name":"epic","value":"Tests for search controls and search results"},{"name":"feature","value":"Search"},{"name":"story","value":"Search results"},{"name":"severity","value":"blocker"},{"name":"tag","value":"Acceptance"},{"name":"tag","value":"Regression"}],"links":[]}