<?xml version="1.0" encoding="UTF-8"?>
<testsuite xmlns:xsi="http://www.w3.org/2001/XMLSchema-instance" xsi:noNamespaceSchemaLocation="https://maven.apache.org/surefire/maven-surefire-plugin/xsd/surefire-test-report.xsd" name="test.ChangeAppConditionTest" time="25.698" tests="2" errors="1" skipped="0" failures="0">
  <properties>
[...]
</properties>
  <testcase name="testArticleTitleAfterBackground" classname="test.ChangeAppConditionTest" time="13.432"/>
  <testcase name="testSearchScreenChangeOrientation" classname="test.ChangeAppConditionTest" time="12.263">
    <error message="Cached elements &apos;By.xpath: //*[@text=&apos;Java (programming language)&apos;]&apos; do not exist in DOM anymore&#10;For documentation on this error, please visit: http://seleniumhq.org/exceptions/stale_element_reference.html&#10;Build info: version: &apos;3.12.0&apos;, revision: &apos;7c6e0b3&apos;, time: &apos;2018-05-08T14:04:26.12Z&apos;&#10;System info: host: &apos;k-1927&apos;, ip: &apos;fe80:0:0:0:c53:5b91:dabb:6a40%en0&apos;, os.name: &apos;Mac OS X&apos;, os.arch: &apos;x86_64&apos;, os.version: &apos;10.16&apos;, java.version: &apos;1.8.0_282&apos;&#10;Driver info: io.appium.java_client.android.AndroidDriver&#10;Capabilities {app: /Users/n.porotkova/GitHub/a..., appActivity: .main.MainActivity, appPackage: org.wikipedia, automationName: Appium, databaseEnabled: false, desired: {app: /Users/n.porotkova/GitHub/a..., appActivity: .main.MainActivity, appPackage: org.wikipedia, automationName: Appium, deviceName: emulator-5554, orientation: PORTRAIT, platformName: android, platformVersion: 10}, deviceApiLevel: 29, deviceManufacturer: Google, deviceModel: Android SDK built for x86, deviceName: emulator-5554, deviceScreenDensity: 420, deviceScreenSize: 1080x1920, deviceUDID: emulator-5554, javascriptEnabled: true, locationContextEnabled: false, networkConnectionEnabled: true, orientation: PORTRAIT, pixelRatio: 2.625, platform: LINUX, platformName: Android, platformVersion: 10, statBarHeight: 63, takesScreenshot: true, viewportRect: {height: 1731, left: 0, top: 63, width: 1080}, warnings: {}, webStorageEnabled: false}&#10;Session ID: f9f852f0-64db-4dc4-9bd5-42a949ce3371" type="org.openqa.selenium.StaleElementReferenceException">org.openqa.selenium.StaleElementReferenceException: 
Cached elements 'By.xpath: //*[@text='Java (programming language)']' do not exist in DOM anymore
For documentation on this error, please visit: http://seleniumhq.org/exceptions/stale_element_reference.html
Build info: version: '3.12.0', revision: '7c6e0b3', time: '2018-05-08T14:04:26.12Z'
System info: host: 'k-1927', ip: 'fe80:0:0:0:c53:5b91:dabb:6a40%en0', os.name: 'Mac OS X', os.arch: 'x86_64', os.version: '10.16', java.version: '1.8.0_282'
Driver info: io.appium.java_client.android.AndroidDriver
Capabilities {app: /Users/n.porotkova/GitHub/a..., appActivity: .main.MainActivity, appPackage: org.wikipedia, automationName: Appium, databaseEnabled: false, desired: {app: /Users/n.porotkova/GitHub/a..., appActivity: .main.MainActivity, appPackage: org.wikipedia, automationName: Appium, deviceName: emulator-5554, orientation: PORTRAIT, platformName: android, platformVersion: 10}, deviceApiLevel: 29, deviceManufacturer: Google, deviceModel: Android SDK built for x86, deviceName: emulator-5554, deviceScreenDensity: 420, deviceScreenSize: 1080x1920, deviceUDID: emulator-5554, javascriptEnabled: true, locationContextEnabled: false, networkConnectionEnabled: true, orientation: PORTRAIT, pixelRatio: 2.625, platform: LINUX, platformName: Android, platformVersion: 10, statBarHeight: 63, takesScreenshot: true, viewportRect: {height: 1731, left: 0, top: 63, width: 1080}, warnings: {}, webStorageEnabled: false}
Session ID: f9f852f0-64db-4dc4-9bd5-42a949ce3371
	at test.ChangeAppConditionTest.testSearchScreenChangeOrientation(ChangeAppConditionTest.java:38)
</error>
    <system-out><![CDATA[openWikiWebPageForMobileWeb method does noting for mobile platform android
The screenshot was taken: /Users/n.porotkova/GitHub/JavaAppiumMaven/article_title_screenshot.png
]]></system-out>
    <system-err><![CDATA[апр 01, 2022 2:11:04 PM io.appium.java_client.remote.AppiumCommandExecutor$1 lambda$0
INFO: Detected dialect: W3C
]]></system-err>
  </testcase>
</testsuite>