<?xml version="1.0" encoding="UTF-8"?>
<testsuite xmlns:xsi="http://www.w3.org/2001/XMLSchema-instance" xsi:noNamespaceSchemaLocation="https://maven.apache.org/surefire/maven-surefire-plugin/xsd/surefire-test-report.xsd" name="test.SearchTest" time="117.199" tests="8" errors="3" skipped="0" failures="0">
  <properties>
[...]
</properties>
  <testcase name="testAmountOfEmptySearch" classname="test.SearchTest" time="16.847"/>
  <testcase name="testCancelSearch" classname="test.SearchTest" time="11.347"/>
  <testcase name="testAmountOfNoEpmtySearch" classname="test.SearchTest" time="10.96"/>
  <testcase name="testCheckSearchResultsForQuery" classname="test.SearchTest" time="24.746">
    <error message="Expected condition failed: No search result elements present&#10; (tried for 15 second(s) with 500 milliseconds interval)" type="org.openqa.selenium.TimeoutException">org.openqa.selenium.TimeoutException: 
Expected condition failed: No search result elements present
 (tried for 15 second(s) with 500 milliseconds interval)
	at test.SearchTest.testCheckSearchResultsForQuery_aroundBody12(SearchTest.java:141)
	at test.SearchTest.testCheckSearchResultsForQuery(SearchTest.java:133)
Caused by: org.openqa.selenium.NoSuchElementException: 
Cannot locate an element using By.xpath: //*[@class='android.view.ViewGroup'][@instance = 1]//descendant::android.widget.TextView[@resource-id = 'org.wikipedia:id/page_list_item_title']
For documentation on this error, please visit: http://seleniumhq.org/exceptions/no_such_element.html
Build info: version: '3.12.0', revision: '7c6e0b3', time: '2018-05-08T14:04:26.12Z'
System info: host: 'k-1927', ip: 'fe80:0:0:0:c53:5b91:dabb:6a40%en0', os.name: 'Mac OS X', os.arch: 'x86_64', os.version: '10.16', java.version: '1.8.0_282'
Driver info: driver.version: unknown
	at test.SearchTest.testCheckSearchResultsForQuery_aroundBody12(SearchTest.java:141)
	at test.SearchTest.testCheckSearchResultsForQuery(SearchTest.java:133)
</error>
    <system-out><![CDATA[openWikiWebPageForMobileWeb method does noting for mobile platform android
]]></system-out>
    <system-err><![CDATA[апр 01, 2022 11:00:26 AM io.appium.java_client.remote.AppiumCommandExecutor$1 lambda$0
INFO: Detected dialect: W3C
]]></system-err>
  </testcase>
  <testcase name="testCheckSearchResultByTitleAndDescription" classname="test.SearchTest" time="10.808">
    <error message="An unknown server-side error occurred while processing the command. Original error: java.lang.ClassCastException: java.util.ArrayList$ListItr cannot be cast to org.eclipse.wst.xml.xpath2.processor.internal.types.NodeType&#10;Build info: version: &apos;3.12.0&apos;, revision: &apos;7c6e0b3&apos;, time: &apos;2018-05-08T14:04:26.12Z&apos;&#10;System info: host: &apos;k-1927&apos;, ip: &apos;fe80:0:0:0:c53:5b91:dabb:6a40%en0&apos;, os.name: &apos;Mac OS X&apos;, os.arch: &apos;x86_64&apos;, os.version: &apos;10.16&apos;, java.version: &apos;1.8.0_282&apos;&#10;Driver info: io.appium.java_client.android.AndroidDriver&#10;Capabilities {app: /Users/n.porotkova/GitHub/a..., appActivity: .main.MainActivity, appPackage: org.wikipedia, automationName: Appium, databaseEnabled: false, desired: {app: /Users/n.porotkova/GitHub/a..., appActivity: .main.MainActivity, appPackage: org.wikipedia, automationName: Appium, deviceName: emulator-5554, orientation: PORTRAIT, platformName: android, platformVersion: 10}, deviceApiLevel: 29, deviceManufacturer: Google, deviceModel: Android SDK built for x86, deviceName: emulator-5554, deviceScreenDensity: 420, deviceScreenSize: 1080x1920, deviceUDID: emulator-5554, javascriptEnabled: true, locationContextEnabled: false, networkConnectionEnabled: true, orientation: PORTRAIT, pixelRatio: 2.625, platform: LINUX, platformName: Android, platformVersion: 10, statBarHeight: 63, takesScreenshot: true, viewportRect: {height: 1731, left: 0, top: 63, width: 1080}, warnings: {}, webStorageEnabled: false}&#10;Session ID: 00160643-02fd-4adc-87d0-0943a9b7431b&#10;*** Element info: {Using=xpath, value=//*[@resource-id=&apos;org.wikipedia:id/page_list_item_title&apos;][contains(@text,&apos;Meme&apos;)]//following::android.widget.TextView[@resource-id = &apos;org.wikipedia:id/page_list_item_description&apos;][contains(@text,&apos;Thought or idea that can be shared, in analogy to a gene&apos;)]}" type="org.openqa.selenium.WebDriverException">org.openqa.selenium.WebDriverException: 
An unknown server-side error occurred while processing the command. Original error: java.lang.ClassCastException: java.util.ArrayList$ListItr cannot be cast to org.eclipse.wst.xml.xpath2.processor.internal.types.NodeType
Build info: version: '3.12.0', revision: '7c6e0b3', time: '2018-05-08T14:04:26.12Z'
System info: host: 'k-1927', ip: 'fe80:0:0:0:c53:5b91:dabb:6a40%en0', os.name: 'Mac OS X', os.arch: 'x86_64', os.version: '10.16', java.version: '1.8.0_282'
Driver info: io.appium.java_client.android.AndroidDriver
Capabilities {app: /Users/n.porotkova/GitHub/a..., appActivity: .main.MainActivity, appPackage: org.wikipedia, automationName: Appium, databaseEnabled: false, desired: {app: /Users/n.porotkova/GitHub/a..., appActivity: .main.MainActivity, appPackage: org.wikipedia, automationName: Appium, deviceName: emulator-5554, orientation: PORTRAIT, platformName: android, platformVersion: 10}, deviceApiLevel: 29, deviceManufacturer: Google, deviceModel: Android SDK built for x86, deviceName: emulator-5554, deviceScreenDensity: 420, deviceScreenSize: 1080x1920, deviceUDID: emulator-5554, javascriptEnabled: true, locationContextEnabled: false, networkConnectionEnabled: true, orientation: PORTRAIT, pixelRatio: 2.625, platform: LINUX, platformName: Android, platformVersion: 10, statBarHeight: 63, takesScreenshot: true, viewportRect: {height: 1731, left: 0, top: 63, width: 1080}, warnings: {}, webStorageEnabled: false}
Session ID: 00160643-02fd-4adc-87d0-0943a9b7431b
*** Element info: {Using=xpath, value=//*[@resource-id='org.wikipedia:id/page_list_item_title'][contains(@text,'Meme')]//following::android.widget.TextView[@resource-id = 'org.wikipedia:id/page_list_item_description'][contains(@text,'Thought or idea that can be shared, in analogy to a gene')]}
	at test.SearchTest.testCheckSearchResultByTitleAndDescription_aroundBody14(SearchTest.java:173)
	at test.SearchTest.testCheckSearchResultByTitleAndDescription(SearchTest.java:167)
</error>
    <system-out><![CDATA[openWikiWebPageForMobileWeb method does noting for mobile platform android
getResultSearchElementByTitleAndDescription = xpath://*[@resource-id='org.wikipedia:id/page_list_item_title'][contains(@text,'Meme')]//following::android.widget.TextView[@resource-id = 'org.wikipedia:id/page_list_item_description'][contains(@text,'Thought or idea that can be shared, in analogy to a gene')]
]]></system-out>
    <system-err><![CDATA[апр 01, 2022 11:00:50 AM io.appium.java_client.remote.AppiumCommandExecutor$1 lambda$0
INFO: Detected dialect: W3C
апр 01, 2022 11:00:56 AM org.openqa.selenium.support.ui.ExpectedConditions findElement
WARNING: WebDriverException thrown by findElement(By.xpath: //*[@resource-id='org.wikipedia:id/page_list_item_title'][contains(@text,'Meme')]//following::android.widget.TextView[@resource-id = 'org.wikipedia:id/page_list_item_description'][contains(@text,'Thought or idea that can be shared, in analogy to a gene')])
org.openqa.selenium.WebDriverException: An unknown server-side error occurred while processing the command. Original error: java.lang.ClassCastException: java.util.ArrayList$ListItr cannot be cast to org.eclipse.wst.xml.xpath2.processor.internal.types.NodeType
Build info: version: '3.12.0', revision: '7c6e0b3', time: '2018-05-08T14:04:26.12Z'
System info: host: 'k-1927', ip: 'fe80:0:0:0:c53:5b91:dabb:6a40%en0', os.name: 'Mac OS X', os.arch: 'x86_64', os.version: '10.16', java.version: '1.8.0_282'
Driver info: io.appium.java_client.android.AndroidDriver
Capabilities {app: /Users/n.porotkova/GitHub/a..., appActivity: .main.MainActivity, appPackage: org.wikipedia, automationName: Appium, databaseEnabled: false, desired: {app: /Users/n.porotkova/GitHub/a..., appActivity: .main.MainActivity, appPackage: org.wikipedia, automationName: Appium, deviceName: emulator-5554, orientation: PORTRAIT, platformName: android, platformVersion: 10}, deviceApiLevel: 29, deviceManufacturer: Google, deviceModel: Android SDK built for x86, deviceName: emulator-5554, deviceScreenDensity: 420, deviceScreenSize: 1080x1920, deviceUDID: emulator-5554, javascriptEnabled: true, locationContextEnabled: false, networkConnectionEnabled: true, orientation: PORTRAIT, pixelRatio: 2.625, platform: LINUX, platformName: Android, platformVersion: 10, statBarHeight: 63, takesScreenshot: true, viewportRect: {height: 1731, left: 0, top: 63, width: 1080}, warnings: {}, webStorageEnabled: false}
Session ID: 00160643-02fd-4adc-87d0-0943a9b7431b
*** Element info: {Using=xpath, value=//*[@resource-id='org.wikipedia:id/page_list_item_title'][contains(@text,'Meme')]//following::android.widget.TextView[@resource-id = 'org.wikipedia:id/page_list_item_description'][contains(@text,'Thought or idea that can be shared, in analogy to a gene')]}
	at sun.reflect.NativeConstructorAccessorImpl.newInstance0(Native Method)
	at sun.reflect.NativeConstructorAccessorImpl.newInstance(NativeConstructorAccessorImpl.java:62)
	at sun.reflect.DelegatingConstructorAccessorImpl.newInstance(DelegatingConstructorAccessorImpl.java:45)
	at java.lang.reflect.Constructor.newInstance(Constructor.java:423)
	at org.openqa.selenium.remote.http.W3CHttpResponseCodec.createException(W3CHttpResponseCodec.java:187)
	at org.openqa.selenium.remote.http.W3CHttpResponseCodec.decode(W3CHttpResponseCodec.java:122)
	at org.openqa.selenium.remote.http.W3CHttpResponseCodec.decode(W3CHttpResponseCodec.java:49)
	at org.openqa.selenium.remote.HttpCommandExecutor.execute(HttpCommandExecutor.java:158)
	at io.appium.java_client.remote.AppiumCommandExecutor.execute(AppiumCommandExecutor.java:231)
	at org.openqa.selenium.remote.RemoteWebDriver.execute(RemoteWebDriver.java:543)
	at io.appium.java_client.DefaultGenericMobileDriver.execute(DefaultGenericMobileDriver.java:42)
	at io.appium.java_client.AppiumDriver.execute(AppiumDriver.java:1)
	at io.appium.java_client.android.AndroidDriver.execute(AndroidDriver.java:1)
	at org.openqa.selenium.remote.RemoteWebDriver.findElements(RemoteWebDriver.java:344)
	at io.appium.java_client.DefaultGenericMobileDriver.findElements(DefaultGenericMobileDriver.java:54)
	at io.appium.java_client.AppiumDriver.findElements(AppiumDriver.java:152)
	at org.openqa.selenium.remote.RemoteWebDriver.findElementsByXPath(RemoteWebDriver.java:423)
	at io.appium.java_client.DefaultGenericMobileDriver.findElementsByXPath(DefaultGenericMobileDriver.java:156)
	at io.appium.java_client.AppiumDriver.findElementsByXPath(AppiumDriver.java:184)
	at org.openqa.selenium.By$ByXPath.findElements(By.java:348)
	at org.openqa.selenium.remote.RemoteWebDriver.findElements(RemoteWebDriver.java:305)
	at io.appium.java_client.DefaultGenericMobileDriver.findElements(DefaultGenericMobileDriver.java:50)
	at io.appium.java_client.AppiumDriver.findElements(AppiumDriver.java:148)
	at org.openqa.selenium.support.ui.ExpectedConditions.findElement(ExpectedConditions.java:895)
	at org.openqa.selenium.support.ui.ExpectedConditions.access$000(ExpectedConditions.java:44)
	at org.openqa.selenium.support.ui.ExpectedConditions$6.apply(ExpectedConditions.java:183)
	at org.openqa.selenium.support.ui.ExpectedConditions$6.apply(ExpectedConditions.java:180)
	at org.openqa.selenium.support.ui.FluentWait.until(FluentWait.java:248)
	at lib.ui.MainPageObject.waitForElementPresent(MainPageObject.java:48)
	at lib.ui.SearchPageObject.waitForElementByTitleAndDescription_aroundBody30(SearchPageObject.java:147)
	at lib.ui.SearchPageObject$AjcClosure31.run(SearchPageObject.java:1)
	at org.aspectj.runtime.reflect.JoinPointImpl.proceed(JoinPointImpl.java:149)
	at io.qameta.allure.aspects.StepsAspects.step(StepsAspects.java:50)
	at lib.ui.SearchPageObject.waitForElementByTitleAndDescription(SearchPageObject.java:146)
	at test.SearchTest.testCheckSearchResultByTitleAndDescription_aroundBody14(SearchTest.java:173)
	at test.SearchTest$AjcClosure15.run(SearchTest.java:1)
	at org.aspectj.runtime.reflect.JoinPointImpl.proceed(JoinPointImpl.java:149)
	at io.qameta.allure.aspects.StepsAspects.step(StepsAspects.java:50)
	at test.SearchTest.testCheckSearchResultByTitleAndDescription(SearchTest.java:167)
	at sun.reflect.NativeMethodAccessorImpl.invoke0(Native Method)
	at sun.reflect.NativeMethodAccessorImpl.invoke(NativeMethodAccessorImpl.java:62)
	at sun.reflect.DelegatingMethodAccessorImpl.invoke(DelegatingMethodAccessorImpl.java:43)
	at java.lang.reflect.Method.invoke(Method.java:498)
	at org.junit.runners.model.FrameworkMethod$1.runReflectiveCall(FrameworkMethod.java:50)
	at org.junit.internal.runners.model.ReflectiveCallable.run(ReflectiveCallable.java:12)
	at org.junit.runners.model.FrameworkMethod.invokeExplosively(FrameworkMethod.java:47)
	at org.junit.internal.runners.statements.InvokeMethod.evaluate(InvokeMethod.java:17)
	at org.junit.internal.runners.statements.RunBefores.evaluate(RunBefores.java:26)
	at org.junit.internal.runners.statements.RunAfters.evaluate(RunAfters.java:27)
	at org.junit.runners.ParentRunner.runLeaf(ParentRunner.java:325)
	at org.junit.runners.BlockJUnit4ClassRunner.runChild(BlockJUnit4ClassRunner.java:78)
	at org.junit.runners.BlockJUnit4ClassRunner.runChild(BlockJUnit4ClassRunner.java:57)
	at org.junit.runners.ParentRunner$3.run(ParentRunner.java:290)
	at org.junit.runners.ParentRunner$1.schedule(ParentRunner.java:71)
	at org.junit.runners.ParentRunner.runChildren(ParentRunner.java:288)
	at org.junit.runners.ParentRunner.access$000(ParentRunner.java:58)
	at org.junit.runners.ParentRunner$2.evaluate(ParentRunner.java:268)
	at org.junit.runners.ParentRunner.run(ParentRunner.java:363)
	at org.apache.maven.surefire.junit4.JUnit4Provider.execute(JUnit4Provider.java:365)
	at org.apache.maven.surefire.junit4.JUnit4Provider.executeWithRerun(JUnit4Provider.java:273)
	at org.apache.maven.surefire.junit4.JUnit4Provider.executeTestSet(JUnit4Provider.java:238)
	at org.apache.maven.surefire.junit4.JUnit4Provider.invoke(JUnit4Provider.java:159)
	at org.apache.maven.surefire.booter.ForkedBooter.invokeProviderInSameClassLoader(ForkedBooter.java:384)
	at org.apache.maven.surefire.booter.ForkedBooter.runSuitesInProcess(ForkedBooter.java:345)
	at org.apache.maven.surefire.booter.ForkedBooter.execute(ForkedBooter.java:126)
	at org.apache.maven.surefire.booter.ForkedBooter.main(ForkedBooter.java:418)

]]></system-err>
  </testcase>
  <testcase name="testCheckSearchResultsAndCancelSearch" classname="test.SearchTest" time="24.006">
    <error message="Expected condition failed: 1 article wasn&apos;t found on search result page&#10; (tried for 15 second(s) with 500 milliseconds interval)" type="org.openqa.selenium.TimeoutException">org.openqa.selenium.TimeoutException: 
Expected condition failed: 1 article wasn't found on search result page
 (tried for 15 second(s) with 500 milliseconds interval)
	at test.SearchTest.testCheckSearchResultsAndCancelSearch_aroundBody10(SearchTest.java:116)
	at test.SearchTest.testCheckSearchResultsAndCancelSearch(SearchTest.java:110)
Caused by: org.openqa.selenium.NoSuchElementException: 
Cannot locate an element using By.xpath: //*[@class='android.view.ViewGroup'][@instance = 1]//descendant::android.widget.TextView[@resource-id = 'org.wikipedia:id/page_list_item_title']
For documentation on this error, please visit: http://seleniumhq.org/exceptions/no_such_element.html
Build info: version: '3.12.0', revision: '7c6e0b3', time: '2018-05-08T14:04:26.12Z'
System info: host: 'k-1927', ip: 'fe80:0:0:0:c53:5b91:dabb:6a40%en0', os.name: 'Mac OS X', os.arch: 'x86_64', os.version: '10.16', java.version: '1.8.0_282'
Driver info: driver.version: unknown
	at test.SearchTest.testCheckSearchResultsAndCancelSearch_aroundBody10(SearchTest.java:116)
	at test.SearchTest.testCheckSearchResultsAndCancelSearch(SearchTest.java:110)
</error>
    <system-out><![CDATA[openWikiWebPageForMobileWeb method does noting for mobile platform android
]]></system-out>
    <system-err><![CDATA[апр 01, 2022 11:01:01 AM io.appium.java_client.remote.AppiumCommandExecutor$1 lambda$0
INFO: Detected dialect: W3C
]]></system-err>
  </testcase>
  <testcase name="testCheckSearchFieldCaption" classname="test.SearchTest" time="7.137"/>
  <testcase name="testSearch" classname="test.SearchTest" time="11.2"/>
</testsuite>