-------------------------------------------------------------------------------
Test set: tests.SearchTests
-------------------------------------------------------------------------------
Tests run: 8, Failures: 0, Errors: 4, Skipped: 0, Time elapsed: 119.875 s <<< FAILURE! - in tests.SearchTests
testCancelSearch(tests.SearchTests)  Time elapsed: 18.837 s  <<< ERROR!
org.openqa.selenium.TimeoutException: 
Expected condition failed: Cannot find search cancel button
 (tried for 5 second(s) with 500 milliseconds interval)
	at tests.SearchTests.testCancelSearch(SearchTests.java:31)
Caused by: org.openqa.selenium.NoSuchElementException: 
An element could not be located on the page using the given search parameters.
For documentation on this error, please visit: https://www.seleniumhq.org/exceptions/no_such_element.html
Build info: version: '3.141.59', revision: 'e82be7d358', time: '2018-11-14T08:17:03'
System info: host: 'k-1927', ip: 'fe80:0:0:0:1c06:f40e:7368:ec33%en0', os.name: 'Mac OS X', os.arch: 'x86_64', os.version: '10.16', java.version: '1.8.0_282'
Driver info: io.appium.java_client.ios.IOSDriver
Capabilities {app: /Users/n.porotkova/GitHub/a..., browserName: , databaseEnabled: false, deviceName: iPhone 11, javascriptEnabled: true, locationContextEnabled: false, networkConnectionEnabled: false, orientation: PORTRAIT, platform: MAC, platformName: iOS, platformVersion: 14.5, takesScreenshot: true, udid: 898461AC-5E84-466F-A84B-D8F..., webStorageEnabled: false}
Session ID: 27fb1ed0-3708-495d-95d4-c74e6638def8
*** Element info: {Using=-ios class chain, value=:**/XCUIElementTypeStaticText[`label == 'Cancel'`]}
	at tests.SearchTests.testCancelSearch(SearchTests.java:31)

testCheckSearchResultsForQuery(tests.SearchTests)  Time elapsed: 14.91 s  <<< ERROR!
org.openqa.selenium.WebDriverException: 
An unknown server-side error occurred while processing the command. Original error: The attribute 'text' is unknown. Valid attribute names are: (
    UID,
    accessibilityContainer,
    accessible,
    enabled,
    frame,
    index,
    label,
    name,
    rect,
    selected,
    type,
    value,
    visible,
    wdAccessibilityContainer,
    wdAccessible,
    wdEnabled,
    wdFrame,
    wdIndex,
    wdLabel,
    wdName,
    wdRect,
    wdSelected,
    wdType,
    wdUID,
    wdValue,
    wdVisible
)
Build info: version: '3.141.59', revision: 'e82be7d358', time: '2018-11-14T08:17:03'
System info: host: 'k-1927', ip: 'fe80:0:0:0:1c06:f40e:7368:ec33%en0', os.name: 'Mac OS X', os.arch: 'x86_64', os.version: '10.16', java.version: '1.8.0_282'
Driver info: io.appium.java_client.ios.IOSDriver
Capabilities {app: /Users/n.porotkova/GitHub/a..., browserName: , databaseEnabled: false, deviceName: iPhone 11, javascriptEnabled: true, locationContextEnabled: false, networkConnectionEnabled: false, orientation: PORTRAIT, platform: MAC, platformName: iOS, platformVersion: 14.5, takesScreenshot: true, udid: 898461AC-5E84-466F-A84B-D8F..., webStorageEnabled: false}
Session ID: 482a9af1-17c4-433f-a071-f581eeed6c21
	at tests.SearchTests.testCheckSearchResultsForQuery(SearchTests.java:87)

testCheckSearchResultsAndCancelSearch(tests.SearchTests)  Time elapsed: 14.832 s  <<< ERROR!
org.openqa.selenium.WebDriverException: 
An unknown server-side error occurred while processing the command. Original error: The attribute 'text' is unknown. Valid attribute names are: (
    UID,
    accessibilityContainer,
    accessible,
    enabled,
    frame,
    index,
    label,
    name,
    rect,
    selected,
    type,
    value,
    visible,
    wdAccessibilityContainer,
    wdAccessible,
    wdEnabled,
    wdFrame,
    wdIndex,
    wdLabel,
    wdName,
    wdRect,
    wdSelected,
    wdType,
    wdUID,
    wdValue,
    wdVisible
)
Build info: version: '3.141.59', revision: 'e82be7d358', time: '2018-11-14T08:17:03'
System info: host: 'k-1927', ip: 'fe80:0:0:0:1c06:f40e:7368:ec33%en0', os.name: 'Mac OS X', os.arch: 'x86_64', os.version: '10.16', java.version: '1.8.0_282'
Driver info: io.appium.java_client.ios.IOSDriver
Capabilities {app: /Users/n.porotkova/GitHub/a..., browserName: , databaseEnabled: false, deviceName: iPhone 11, javascriptEnabled: true, locationContextEnabled: false, networkConnectionEnabled: false, orientation: PORTRAIT, platform: MAC, platformName: iOS, platformVersion: 14.5, takesScreenshot: true, udid: 898461AC-5E84-466F-A84B-D8F..., webStorageEnabled: false}
Session ID: 2c0a38dd-6c7c-4036-8d15-61636c9b514e
	at tests.SearchTests.testCheckSearchResultsAndCancelSearch(SearchTests.java:68)

testCheckSearchFieldCaption(tests.SearchTests)  Time elapsed: 8.801 s  <<< ERROR!
org.openqa.selenium.WebDriverException: 
An unknown server-side error occurred while processing the command. Original error: The attribute 'text' is unknown. Valid attribute names are: (
    UID,
    accessibilityContainer,
    accessible,
    enabled,
    frame,
    index,
    label,
    name,
    rect,
    selected,
    type,
    value,
    visible,
    wdAccessibilityContainer,
    wdAccessible,
    wdEnabled,
    wdFrame,
    wdIndex,
    wdLabel,
    wdName,
    wdRect,
    wdSelected,
    wdType,
    wdUID,
    wdValue,
    wdVisible
)
Build info: version: '3.141.59', revision: 'e82be7d358', time: '2018-11-14T08:17:03'
System info: host: 'k-1927', ip: 'fe80:0:0:0:1c06:f40e:7368:ec33%en0', os.name: 'Mac OS X', os.arch: 'x86_64', os.version: '10.16', java.version: '1.8.0_282'
Driver info: io.appium.java_client.ios.IOSDriver
Capabilities {app: /Users/n.porotkova/GitHub/a..., browserName: , databaseEnabled: false, deviceName: iPhone 11, javascriptEnabled: true, locationContextEnabled: false, networkConnectionEnabled: false, orientation: PORTRAIT, platform: MAC, platformName: iOS, platformVersion: 14.5, takesScreenshot: true, udid: 898461AC-5E84-466F-A84B-D8F..., webStorageEnabled: false}
Session ID: 53976fd2-a8de-4b98-b04a-0beb28c56a3b
	at tests.SearchTests.testCheckSearchFieldCaption(SearchTests.java:15)

