<?xml version="1.0" encoding="UTF-8"?>
<testsuite xmlns:xsi="http://www.w3.org/2001/XMLSchema-instance" xsi:noNamespaceSchemaLocation="https://maven.apache.org/surefire/maven-surefire-plugin/xsd/surefire-test-report.xsd" name="test.ArticleTest" time="27.639" tests="3" errors="2" skipped="0" failures="1">
  <properties>
[...]
</properties>
  <testcase name="testArticleHasTitleElement" classname="test.ArticleTest" time="14.246">
    <error message="Expected condition failed: Cannot find and click search result with substring + &apos;bject-oriented programming language&apos;&#10; (tried for 10 second(s) with 500 milliseconds interval)" type="org.openqa.selenium.TimeoutException">org.openqa.selenium.TimeoutException: 
Expected condition failed: Cannot find and click search result with substring + 'bject-oriented programming language'
 (tried for 10 second(s) with 500 milliseconds interval)
	at test.ArticleTest.testArticleHasTitleElement(ArticleTest.java:59)
Caused by: org.openqa.selenium.NoSuchElementException: 
Cannot locate an element using By.xpath: //a[contains(@class, 'title')][contains(data-title,'bject-oriented programming language')]
For documentation on this error, please visit: http://seleniumhq.org/exceptions/no_such_element.html
Build info: version: '3.12.0', revision: '7c6e0b3', time: '2018-05-08T14:04:26.12Z'
System info: host: 'k-1927', ip: 'fe80:0:0:0:c53:5b91:dabb:6a40%en0', os.name: 'Mac OS X', os.arch: 'x86_64', os.version: '10.16', java.version: '1.8.0_282'
Driver info: driver.version: unknown
	at test.ArticleTest.testArticleHasTitleElement(ArticleTest.java:59)
</error>
    <system-out><![CDATA[RotateScreenPortrait method does noting for platform mobile_web
SkipWelcomePage method does noting for platform mobile_web
]]></system-out>
    <system-err><![CDATA[Starting ChromeDriver 99.0.4844.17 (395f87df02eedda1d0e06d5ac0614b0eeb22a9e8-refs/branch-heads/4844@{#182}) on port 16929
Only local connections are allowed.
Please see https://chromedriver.chromium.org/security-considerations for suggestions on keeping ChromeDriver safe.
ChromeDriver was started successfully.
[1648725591.402][WARNING]: This version of ChromeDriver has not been tested with Chrome version 100.
мар 31, 2022 2:19:51 PM org.openqa.selenium.remote.ProtocolHandshake createSession
INFO: Detected dialect: W3C
]]></system-err>
  </testcase>
  <testcase name="testCompareArticleTitle" classname="test.ArticleTest" time="4.176">
    <failure message="Unexpected title on the article page expected:&lt;[Object-oriented programming language]&gt; but was:&lt;[Java (programming language)]&gt;" type="org.junit.ComparisonFailure"><![CDATA[org.junit.ComparisonFailure: Unexpected title on the article page expected:<[Object-oriented programming language]> but was:<[Java (programming language)]>
	at test.ArticleTest.testCompareArticleTitle(ArticleTest.java:28)
]]></failure>
    <system-out><![CDATA[RotateScreenPortrait method does noting for platform mobile_web
SkipWelcomePage method does noting for platform mobile_web
Java (programming language)
]]></system-out>
    <system-err><![CDATA[Starting ChromeDriver 99.0.4844.17 (395f87df02eedda1d0e06d5ac0614b0eeb22a9e8-refs/branch-heads/4844@{#182}) on port 22404
Only local connections are allowed.
Please see https://chromedriver.chromium.org/security-considerations for suggestions on keeping ChromeDriver safe.
ChromeDriver was started successfully.
[1648725604.709][WARNING]: This version of ChromeDriver has not been tested with Chrome version 100.
мар 31, 2022 2:20:04 PM org.openqa.selenium.remote.ProtocolHandshake createSession
INFO: Detected dialect: W3C
]]></system-err>
  </testcase>
  <testcase name="testSwipeArticle" classname="test.ArticleTest" time="9.095">
    <error message="Expected condition failed: Cannot find footer element on the end of the page&#10; (tried for 5 second(s) with 500 milliseconds interval)" type="org.openqa.selenium.TimeoutException">org.openqa.selenium.TimeoutException: 
Expected condition failed: Cannot find footer element on the end of the page
 (tried for 5 second(s) with 500 milliseconds interval)
	at test.ArticleTest.testSwipeArticle(ArticleTest.java:49)
Caused by: org.openqa.selenium.InvalidSelectorException: 
invalid selector: Unable to locate an element with the xpath expression css:footer because of the following error:
NamespaceError: Failed to execute 'evaluate' on 'Document': The string 'css:footer' contains unresolvable namespaces.
  (Session info: chrome=100.0.4896.60)
For documentation on this error, please visit: http://seleniumhq.org/exceptions/invalid_selector_exception.html
Build info: version: '3.12.0', revision: '7c6e0b3', time: '2018-05-08T14:04:26.12Z'
System info: host: 'k-1927', ip: 'fe80:0:0:0:c53:5b91:dabb:6a40%en0', os.name: 'Mac OS X', os.arch: 'x86_64', os.version: '10.16', java.version: '1.8.0_282'
Driver info: org.openqa.selenium.chrome.ChromeDriver
Capabilities {acceptInsecureCerts: false, browserName: chrome, browserVersion: 100.0.4896.60, chrome: {chromedriverVersion: 99.0.4844.17 (395f87df02eed..., userDataDir: /var/folders/04/46skk9bs6hz...}, goog:chromeOptions: {debuggerAddress: localhost:50549}, javascriptEnabled: true, networkConnectionEnabled: false, pageLoadStrategy: normal, platform: MAC, platformName: MAC, proxy: Proxy(), setWindowRect: true, strictFileInteractability: false, timeouts: {implicit: 0, pageLoad: 300000, script: 30000}, unhandledPromptBehavior: dismiss and notify, webauthn:extension:credBlob: true, webauthn:extension:largeBlob: true, webauthn:virtualAuthenticators: true}
Session ID: 6d43ef85ae953f4ba4c97140891a0542
*** Element info: {Using=xpath, value=css:footer}
	at test.ArticleTest.testSwipeArticle(ArticleTest.java:49)
</error>
    <system-out><![CDATA[RotateScreenPortrait method does noting for platform mobile_web
SkipWelcomePage method does noting for platform mobile_web
swipeToFooter()
]]></system-out>
    <system-err><![CDATA[Starting ChromeDriver 99.0.4844.17 (395f87df02eedda1d0e06d5ac0614b0eeb22a9e8-refs/branch-heads/4844@{#182}) on port 46929
Only local connections are allowed.
Please see https://chromedriver.chromium.org/security-considerations for suggestions on keeping ChromeDriver safe.
ChromeDriver was started successfully.
[1648725608.838][WARNING]: This version of ChromeDriver has not been tested with Chrome version 100.
мар 31, 2022 2:20:08 PM org.openqa.selenium.remote.ProtocolHandshake createSession
INFO: Detected dialect: W3C
]]></system-err>
  </testcase>
</testsuite>