<?xml version="1.0" encoding="UTF-8"?>
<testsuite xmlns:xsi="http://www.w3.org/2001/XMLSchema-instance" xsi:noNamespaceSchemaLocation="https://maven.apache.org/surefire/maven-surefire-plugin/xsd/surefire-test-report-3.0.xsd" version="3.0" name="tests.GetStartedTest" time="18.872" tests="1" errors="1" skipped="0" failures="0">
  <properties>
[...]
</properties>
  <testcase name="testPassThroghWelcome" classname="tests.GetStartedTest" time="18.872">
    <error message="Expected condition failed: &apos;Learn more about Wikipedia&apos; link not found&#10; (tried for 10 second(s) with 500 milliseconds interval)" type="org.openqa.selenium.TimeoutException">org.openqa.selenium.TimeoutException: 
Expected condition failed: 'Learn more about Wikipedia' link not found
 (tried for 10 second(s) with 500 milliseconds interval)
	at tests.GetStartedTest.testPassThroghWelcome(GetStartedTest.java:17)
Caused by: org.openqa.selenium.NoSuchElementException: 
An element could not be located on the page using the given search parameters.
For documentation on this error, please visit: https://www.seleniumhq.org/exceptions/no_such_element.html
Build info: version: '3.141.59', revision: 'e82be7d358', time: '2018-11-14T08:17:03'
System info: host: 'k-1927', ip: 'fe80:0:0:0:1c06:f40e:7368:ec33%en0', os.name: 'Mac OS X', os.arch: 'x86_64', os.version: '10.16', java.version: '1.8.0_282'
Driver info: io.appium.java_client.ios.IOSDriver
Capabilities {app: /Users/n.porotkova/GitHub/a..., browserName: , databaseEnabled: false, deviceName: iPhone 11, javascriptEnabled: true, locationContextEnabled: false, networkConnectionEnabled: false, orientation: PORTRAIT, platform: MAC, platformName: iOS, platformVersion: 14.5, takesScreenshot: true, udid: 898461AC-5E84-466F-A84B-D8F..., webStorageEnabled: false}
Session ID: e1c2704b-c03b-4a8a-a2f7-54008d0f45ef
*** Element info: {Using=-ios class chain, value=**/XCUIElementTypeStaticText[`label == 'Learn more about Wikipedia'`]}
	at tests.GetStartedTest.testPassThroghWelcome(GetStartedTest.java:17)
</error>
    <system-err><![CDATA[мар 30, 2022 11:53:09 AM io.appium.java_client.remote.AppiumCommandExecutor$1 lambda$0
INFO: Detected dialect: W3C
]]></system-err>
  </testcase>
</testsuite>