<?xml version="1.0" encoding="UTF-8"?>
<testsuite xmlns:xsi="http://www.w3.org/2001/XMLSchema-instance" xsi:noNamespaceSchemaLocation="https://maven.apache.org/surefire/maven-surefire-plugin/xsd/surefire-test-report-3.0.xsd" version="3.0" name="tests.SearchTests" time="119.875" tests="8" errors="4" skipped="0" failures="0">
  <properties>
[...]
</properties>
  <testcase name="testAmountOfEmptySearch" classname="tests.SearchTests" time="14.501"/>
  <testcase name="testCancelSearch" classname="tests.SearchTests" time="18.837">
    <error message="Expected condition failed: Cannot find search cancel button&#10; (tried for 5 second(s) with 500 milliseconds interval)" type="org.openqa.selenium.TimeoutException">org.openqa.selenium.TimeoutException: 
Expected condition failed: Cannot find search cancel button
 (tried for 5 second(s) with 500 milliseconds interval)
	at tests.SearchTests.testCancelSearch(SearchTests.java:31)
Caused by: org.openqa.selenium.NoSuchElementException: 
An element could not be located on the page using the given search parameters.
For documentation on this error, please visit: https://www.seleniumhq.org/exceptions/no_such_element.html
Build info: version: '3.141.59', revision: 'e82be7d358', time: '2018-11-14T08:17:03'
System info: host: 'k-1927', ip: 'fe80:0:0:0:1c06:f40e:7368:ec33%en0', os.name: 'Mac OS X', os.arch: 'x86_64', os.version: '10.16', java.version: '1.8.0_282'
Driver info: io.appium.java_client.ios.IOSDriver
Capabilities {app: /Users/n.porotkova/GitHub/a..., browserName: , databaseEnabled: false, deviceName: iPhone 11, javascriptEnabled: true, locationContextEnabled: false, networkConnectionEnabled: false, orientation: PORTRAIT, platform: MAC, platformName: iOS, platformVersion: 14.5, takesScreenshot: true, udid: 898461AC-5E84-466F-A84B-D8F..., webStorageEnabled: false}
Session ID: 27fb1ed0-3708-495d-95d4-c74e6638def8
*** Element info: {Using=-ios class chain, value=:**/XCUIElementTypeStaticText[`label == 'Cancel'`]}
	at tests.SearchTests.testCancelSearch(SearchTests.java:31)
</error>
    <system-err><![CDATA[мар 30, 2022 11:47:53 AM io.appium.java_client.remote.AppiumCommandExecutor$1 lambda$0
INFO: Detected dialect: W3C
]]></system-err>
  </testcase>
  <testcase name="testAmountOfNoEpmtySearch" classname="tests.SearchTests" time="15.308"/>
  <testcase name="testCheckSearchResultsForQuery" classname="tests.SearchTests" time="14.91">
    <error message="An unknown server-side error occurred while processing the command. Original error: The attribute &apos;text&apos; is unknown. Valid attribute names are: (&#10;    UID,&#10;    accessibilityContainer,&#10;    accessible,&#10;    enabled,&#10;    frame,&#10;    index,&#10;    label,&#10;    name,&#10;    rect,&#10;    selected,&#10;    type,&#10;    value,&#10;    visible,&#10;    wdAccessibilityContainer,&#10;    wdAccessible,&#10;    wdEnabled,&#10;    wdFrame,&#10;    wdIndex,&#10;    wdLabel,&#10;    wdName,&#10;    wdRect,&#10;    wdSelected,&#10;    wdType,&#10;    wdUID,&#10;    wdValue,&#10;    wdVisible&#10;)&#10;Build info: version: &apos;3.141.59&apos;, revision: &apos;e82be7d358&apos;, time: &apos;2018-11-14T08:17:03&apos;&#10;System info: host: &apos;k-1927&apos;, ip: &apos;fe80:0:0:0:1c06:f40e:7368:ec33%en0&apos;, os.name: &apos;Mac OS X&apos;, os.arch: &apos;x86_64&apos;, os.version: &apos;10.16&apos;, java.version: &apos;1.8.0_282&apos;&#10;Driver info: io.appium.java_client.ios.IOSDriver&#10;Capabilities {app: /Users/n.porotkova/GitHub/a..., browserName: , databaseEnabled: false, deviceName: iPhone 11, javascriptEnabled: true, locationContextEnabled: false, networkConnectionEnabled: false, orientation: PORTRAIT, platform: MAC, platformName: iOS, platformVersion: 14.5, takesScreenshot: true, udid: 898461AC-5E84-466F-A84B-D8F..., webStorageEnabled: false}&#10;Session ID: 482a9af1-17c4-433f-a071-f581eeed6c21" type="org.openqa.selenium.WebDriverException">org.openqa.selenium.WebDriverException: 
An unknown server-side error occurred while processing the command. Original error: The attribute 'text' is unknown. Valid attribute names are: (
    UID,
    accessibilityContainer,
    accessible,
    enabled,
    frame,
    index,
    label,
    name,
    rect,
    selected,
    type,
    value,
    visible,
    wdAccessibilityContainer,
    wdAccessible,
    wdEnabled,
    wdFrame,
    wdIndex,
    wdLabel,
    wdName,
    wdRect,
    wdSelected,
    wdType,
    wdUID,
    wdValue,
    wdVisible
)
Build info: version: '3.141.59', revision: 'e82be7d358', time: '2018-11-14T08:17:03'
System info: host: 'k-1927', ip: 'fe80:0:0:0:1c06:f40e:7368:ec33%en0', os.name: 'Mac OS X', os.arch: 'x86_64', os.version: '10.16', java.version: '1.8.0_282'
Driver info: io.appium.java_client.ios.IOSDriver
Capabilities {app: /Users/n.porotkova/GitHub/a..., browserName: , databaseEnabled: false, deviceName: iPhone 11, javascriptEnabled: true, locationContextEnabled: false, networkConnectionEnabled: false, orientation: PORTRAIT, platform: MAC, platformName: iOS, platformVersion: 14.5, takesScreenshot: true, udid: 898461AC-5E84-466F-A84B-D8F..., webStorageEnabled: false}
Session ID: 482a9af1-17c4-433f-a071-f581eeed6c21
	at tests.SearchTests.testCheckSearchResultsForQuery(SearchTests.java:87)
</error>
    <system-err><![CDATA[мар 30, 2022 11:48:27 AM io.appium.java_client.remote.AppiumCommandExecutor$1 lambda$0
INFO: Detected dialect: W3C
]]></system-err>
  </testcase>
  <testcase name="testCheckSearchResultByTitleAndDescription" classname="tests.SearchTests" time="17.021"/>
  <testcase name="testCheckSearchResultsAndCancelSearch" classname="tests.SearchTests" time="14.832">
    <error message="An unknown server-side error occurred while processing the command. Original error: The attribute &apos;text&apos; is unknown. Valid attribute names are: (&#10;    UID,&#10;    accessibilityContainer,&#10;    accessible,&#10;    enabled,&#10;    frame,&#10;    index,&#10;    label,&#10;    name,&#10;    rect,&#10;    selected,&#10;    type,&#10;    value,&#10;    visible,&#10;    wdAccessibilityContainer,&#10;    wdAccessible,&#10;    wdEnabled,&#10;    wdFrame,&#10;    wdIndex,&#10;    wdLabel,&#10;    wdName,&#10;    wdRect,&#10;    wdSelected,&#10;    wdType,&#10;    wdUID,&#10;    wdValue,&#10;    wdVisible&#10;)&#10;Build info: version: &apos;3.141.59&apos;, revision: &apos;e82be7d358&apos;, time: &apos;2018-11-14T08:17:03&apos;&#10;System info: host: &apos;k-1927&apos;, ip: &apos;fe80:0:0:0:1c06:f40e:7368:ec33%en0&apos;, os.name: &apos;Mac OS X&apos;, os.arch: &apos;x86_64&apos;, os.version: &apos;10.16&apos;, java.version: &apos;1.8.0_282&apos;&#10;Driver info: io.appium.java_client.ios.IOSDriver&#10;Capabilities {app: /Users/n.porotkova/GitHub/a..., browserName: , databaseEnabled: false, deviceName: iPhone 11, javascriptEnabled: true, locationContextEnabled: false, networkConnectionEnabled: false, orientation: PORTRAIT, platform: MAC, platformName: iOS, platformVersion: 14.5, takesScreenshot: true, udid: 898461AC-5E84-466F-A84B-D8F..., webStorageEnabled: false}&#10;Session ID: 2c0a38dd-6c7c-4036-8d15-61636c9b514e" type="org.openqa.selenium.WebDriverException">org.openqa.selenium.WebDriverException: 
An unknown server-side error occurred while processing the command. Original error: The attribute 'text' is unknown. Valid attribute names are: (
    UID,
    accessibilityContainer,
    accessible,
    enabled,
    frame,
    index,
    label,
    name,
    rect,
    selected,
    type,
    value,
    visible,
    wdAccessibilityContainer,
    wdAccessible,
    wdEnabled,
    wdFrame,
    wdIndex,
    wdLabel,
    wdName,
    wdRect,
    wdSelected,
    wdType,
    wdUID,
    wdValue,
    wdVisible
)
Build info: version: '3.141.59', revision: 'e82be7d358', time: '2018-11-14T08:17:03'
System info: host: 'k-1927', ip: 'fe80:0:0:0:1c06:f40e:7368:ec33%en0', os.name: 'Mac OS X', os.arch: 'x86_64', os.version: '10.16', java.version: '1.8.0_282'
Driver info: io.appium.java_client.ios.IOSDriver
Capabilities {app: /Users/n.porotkova/GitHub/a..., browserName: , databaseEnabled: false, deviceName: iPhone 11, javascriptEnabled: true, locationContextEnabled: false, networkConnectionEnabled: false, orientation: PORTRAIT, platform: MAC, platformName: iOS, platformVersion: 14.5, takesScreenshot: true, udid: 898461AC-5E84-466F-A84B-D8F..., webStorageEnabled: false}
Session ID: 2c0a38dd-6c7c-4036-8d15-61636c9b514e
	at tests.SearchTests.testCheckSearchResultsAndCancelSearch(SearchTests.java:68)
</error>
    <system-err><![CDATA[мар 30, 2022 11:48:59 AM io.appium.java_client.remote.AppiumCommandExecutor$1 lambda$0
INFO: Detected dialect: W3C
]]></system-err>
  </testcase>
  <testcase name="testCheckSearchFieldCaption" classname="tests.SearchTests" time="8.801">
    <error message="An unknown server-side error occurred while processing the command. Original error: The attribute &apos;text&apos; is unknown. Valid attribute names are: (&#10;    UID,&#10;    accessibilityContainer,&#10;    accessible,&#10;    enabled,&#10;    frame,&#10;    index,&#10;    label,&#10;    name,&#10;    rect,&#10;    selected,&#10;    type,&#10;    value,&#10;    visible,&#10;    wdAccessibilityContainer,&#10;    wdAccessible,&#10;    wdEnabled,&#10;    wdFrame,&#10;    wdIndex,&#10;    wdLabel,&#10;    wdName,&#10;    wdRect,&#10;    wdSelected,&#10;    wdType,&#10;    wdUID,&#10;    wdValue,&#10;    wdVisible&#10;)&#10;Build info: version: &apos;3.141.59&apos;, revision: &apos;e82be7d358&apos;, time: &apos;2018-11-14T08:17:03&apos;&#10;System info: host: &apos;k-1927&apos;, ip: &apos;fe80:0:0:0:1c06:f40e:7368:ec33%en0&apos;, os.name: &apos;Mac OS X&apos;, os.arch: &apos;x86_64&apos;, os.version: &apos;10.16&apos;, java.version: &apos;1.8.0_282&apos;&#10;Driver info: io.appium.java_client.ios.IOSDriver&#10;Capabilities {app: /Users/n.porotkova/GitHub/a..., browserName: , databaseEnabled: false, deviceName: iPhone 11, javascriptEnabled: true, locationContextEnabled: false, networkConnectionEnabled: false, orientation: PORTRAIT, platform: MAC, platformName: iOS, platformVersion: 14.5, takesScreenshot: true, udid: 898461AC-5E84-466F-A84B-D8F..., webStorageEnabled: false}&#10;Session ID: 53976fd2-a8de-4b98-b04a-0beb28c56a3b" type="org.openqa.selenium.WebDriverException">org.openqa.selenium.WebDriverException: 
An unknown server-side error occurred while processing the command. Original error: The attribute 'text' is unknown. Valid attribute names are: (
    UID,
    accessibilityContainer,
    accessible,
    enabled,
    frame,
    index,
    label,
    name,
    rect,
    selected,
    type,
    value,
    visible,
    wdAccessibilityContainer,
    wdAccessible,
    wdEnabled,
    wdFrame,
    wdIndex,
    wdLabel,
    wdName,
    wdRect,
    wdSelected,
    wdType,
    wdUID,
    wdValue,
    wdVisible
)
Build info: version: '3.141.59', revision: 'e82be7d358', time: '2018-11-14T08:17:03'
System info: host: 'k-1927', ip: 'fe80:0:0:0:1c06:f40e:7368:ec33%en0', os.name: 'Mac OS X', os.arch: 'x86_64', os.version: '10.16', java.version: '1.8.0_282'
Driver info: io.appium.java_client.ios.IOSDriver
Capabilities {app: /Users/n.porotkova/GitHub/a..., browserName: , databaseEnabled: false, deviceName: iPhone 11, javascriptEnabled: true, locationContextEnabled: false, networkConnectionEnabled: false, orientation: PORTRAIT, platform: MAC, platformName: iOS, platformVersion: 14.5, takesScreenshot: true, udid: 898461AC-5E84-466F-A84B-D8F..., webStorageEnabled: false}
Session ID: 53976fd2-a8de-4b98-b04a-0beb28c56a3b
	at tests.SearchTests.testCheckSearchFieldCaption(SearchTests.java:15)
</error>
    <system-err><![CDATA[мар 30, 2022 11:49:14 AM io.appium.java_client.remote.AppiumCommandExecutor$1 lambda$0
INFO: Detected dialect: W3C
]]></system-err>
  </testcase>
  <testcase name="testSearch" classname="tests.SearchTests" time="15.664"/>
</testsuite>